2024-05-26T09:05:56+00:00 ERROR Authentication failed
2024-05-26T09:06:21+00:00 ERROR Authentication failed
2024-05-26T09:06:27+00:00 ERROR Authentication failed
2024-05-26T09:06:28+00:00 ERROR Authentication failed
2024-05-26T09:06:42+00:00 ERROR Authentication failed
2024-05-26T09:13:09+00:00 ERROR Authentication failed
2024-05-26T09:13:15+00:00 ERROR Authentication failed
2024-05-26T09:13:29+00:00 ERROR Authentication failed
2024-05-26T09:16:08+00:00 ERROR Authentication failed
2024-05-26T09:16:13+00:00 ERROR Authentication failed
2024-05-26T09:16:18+00:00 ERROR Authentication failed
2024-05-26T09:16:24+00:00 ERROR Authentication failed
2024-05-26T09:53:16+00:00 ERROR Authentication failed
2024-05-26T09:53:21+00:00 ERROR Authentication failed
2024-05-26T09:53:28+00:00 ERROR Authentication failed
2024-05-26T09:53:32+00:00 ERROR Authentication failed
2024-05-26T10:29:47+00:00 ERROR Authentication failed
2024-05-26T10:29:51+00:00 ERROR Authentication failed
2024-05-26T10:29:57+00:00 ERROR Authentication failed
2024-05-26T10:30:03+00:00 ERROR Authentication failed
2024-05-26T11:26:07+00:00 ERROR Authentication failed
2024-05-26T11:30:38+00:00 ERROR Authentication failed
2024-05-26T11:40:42+00:00 ERROR Authentication failed
2024-05-26T11:40:49+00:00 ERROR Authentication failed
2024-05-26T11:41:01+00:00 ERROR Authentication failed
2024-05-26T11:41:05+00:00 ERROR Authentication failed
2024-05-26T13:54:47+00:00 ERROR Authentication failed
2024-05-26T13:54:52+00:00 ERROR Authentication failed
2024-05-26T13:55:07+00:00 ERROR Authentication failed
2024-05-26T13:55:08+00:00 ERROR Authentication failed
2024-05-26T13:55:12+00:00 ERROR Authentication failed
2024-05-26T13:55:17+00:00 ERROR Authentication failed
2024-05-26T13:55:25+00:00 ERROR Authentication failed
2024-05-26T13:55:26+00:00 ERROR Authentication failed
2024-05-26T13:55:32+00:00 ERROR Authentication failed
2024-05-26T13:55:40+00:00 ERROR Authentication failed
2024-05-26T13:55:41+00:00 ERROR Authentication failed
2024-05-26T13:55:51+00:00 ERROR Authentication failed
2024-05-26T13:56:12+00:00 ERROR Authentication failed
2024-05-26T13:56:14+00:00 ERROR Authentication failed
2024-05-26T13:56:19+00:00 ERROR Authentication failed
2024-05-26T15:05:39+00:00 ERROR Authentication failed
2024-05-26T15:05:57+00:00 ERROR Authentication failed
2024-05-26T15:06:01+00:00 ERROR Authentication failed
2024-05-26T15:06:06+00:00 ERROR Authentication failed
2024-05-26T15:06:13+00:00 ERROR Authentication failed
2024-05-26T15:06:13+00:00 ERROR Authentication failed
2024-05-26T15:06:14+00:00 ERROR Authentication failed
2024-05-26T15:06:16+00:00 ERROR Authentication failed
2024-05-26T15:07:08+00:00 ERROR Authentication failed
2024-05-26T15:07:20+00:00 ERROR Authentication failed
2024-05-26T15:07:39+00:00 ERROR Authentication failed
2024-05-26T15:07:41+00:00 ERROR Authentication failed
2024-05-26T15:08:06+00:00 ERROR Authentication failed
2024-05-26T15:12:39+00:00 ERROR Authentication failed
2024-05-26T15:12:47+00:00 ERROR Authentication failed
2024-05-26T15:13:34+00:00 ERROR Authentication failed
2024-05-26T15:13:37+00:00 ERROR Authentication failed
2024-05-26T15:14:19+00:00 ERROR Authentication failed
2024-05-26T15:15:47+00:00 ERROR Authentication failed
2024-05-26T15:15:51+00:00 ERROR Authentication failed
2024-05-26T15:16:54+00:00 ERROR Authentication failed
2024-05-26T15:19:01+00:00 ERROR Authentication failed
2024-05-26T15:19:05+00:00 ERROR Authentication failed
2024-05-26T15:21:19+00:00 ERROR Authentication failed
2024-05-26T15:22:16+00:00 ERROR Authentication failed
2024-05-26T15:22:30+00:00 ERROR Authentication failed
2024-05-26T15:22:35+00:00 ERROR Authentication failed
2024-05-26T15:23:14+00:00 ERROR Authentication failed
2024-05-26T15:23:39+00:00 ERROR Authentication failed
2024-05-26T15:23:57+00:00 ERROR Authentication failed
2024-05-26T15:24:02+00:00 ERROR Authentication failed
2024-05-26T15:24:58+00:00 ERROR Authentication failed
2024-05-26T15:25:19+00:00 ERROR Authentication failed
2024-05-26T15:25:30+00:00 ERROR Authentication failed
2024-05-26T15:25:35+00:00 ERROR Authentication failed
2024-05-26T15:25:59+00:00 ERROR Authentication failed
2024-05-26T15:26:36+00:00 ERROR Authentication failed
2024-05-26T15:29:27+00:00 ERROR Authentication failed
2024-05-26T15:29:45+00:00 ERROR Authentication failed
2024-05-26T16:16:42+00:00 ERROR Authentication failed
2024-05-26T16:17:55+00:00 ERROR Authentication failed
2024-05-26T16:18:32+00:00 ERROR Authentication failed
2024-05-26T16:19:15+00:00 INFO Trying to create one_cc_address_sync_cron
2024-05-26T16:19:15+00:00 INFO Failed to create one_cc_address_sync_cron as invalid one cc merchant
2024-05-26T16:19:15+00:00 INFO Attempting to delete one_cc_address_sync_cron, status: cancelled, message: invalid_1cc_merchant
2024-05-26T16:19:15+00:00 INFO Deleted one_cc_address_sync_cron  if exists
2024-05-26T16:19:15+00:00 INFO updateAddressSyncCronData: status=cancelled, message=invalid_1cc_merchant, cronStatus=deleted
2024-05-26T16:19:15+00:00 INFO updateAddressSyncCronData:530 - Updating option: ONE_CC_ADDRESS_SYNC_CRON_HOOK
2024-05-26T16:19:15+00:00 INFO updateAddressSyncCronData:532 -  Successfully Updated Option: ONE_CC_ADDRESS_SYNC_CRON_HOOK
2024-05-26T16:19:15+00:00 INFO create one_cc_plugin_sync_cron successful
2024-05-26T16:28:18+00:00 ERROR Authentication failed
2024-05-26T16:28:29+00:00 ERROR Authentication failed
2024-05-26T16:28:33+00:00 ERROR Authentication failed
2024-05-26T16:53:38+00:00 ERROR Authentication failed
2024-05-26T16:53:49+00:00 ERROR Authentication failed
2024-05-26T16:53:55+00:00 ERROR Authentication failed
2024-05-26T16:54:20+00:00 ERROR Authentication failed
2024-05-26T16:56:05+00:00 ERROR Authentication failed
2024-05-26T16:57:44+00:00 ERROR Authentication failed
2024-05-26T16:57:45+00:00 ERROR Authentication failed
2024-05-26T16:57:59+00:00 ERROR Authentication failed
2024-05-26T16:58:22+00:00 ERROR Authentication failed
2024-05-26T17:01:17+00:00 ERROR Authentication failed
2024-05-26T17:07:40+00:00 ERROR Authentication failed
2024-05-26T17:07:49+00:00 ERROR Authentication failed
2024-05-26T17:09:05+00:00 ERROR Authentication failed
2024-05-26T17:10:10+00:00 ERROR Authentication failed
2024-05-26T17:11:02+00:00 ERROR Authentication failed
2024-05-26T17:11:32+00:00 ERROR Authentication failed
2024-05-26T17:11:56+00:00 ERROR Authentication failed
2024-05-26T17:22:01+00:00 ERROR Authentication failed
2024-05-26T17:51:39+00:00 ERROR Authentication failed
